<?xml version="1.0" encoding="UTF-8"?>
<Site BuildName="(empty)"
	BuildStamp="20170622-0417-Experimental"
	Name="(empty)"
	Generator="ctest-3.8.0"
	CompilerName=""
	CompilerVersion=""
	OSName="Linux"
	Hostname="rabbit"
	OSRelease="4.9.30-1-MANJARO"
	OSVersion="#1 SMP PREEMPT Thu May 25 20:31:43 UTC 2017"
	OSPlatform="x86_64"
	Is64Bits="1"
	VendorString="GenuineIntel"
	VendorID="Intel Corporation"
	FamilyID="6"
	ModelID="61"
	ProcessorCacheSize="3072"
	NumberOfLogicalCPU="4"
	NumberOfPhysicalCPU="1"
	TotalVirtualMemory="9011"
	TotalPhysicalMemory="7891"
	LogicalProcessorsPerPhysical="4"
	ProcessorClockFrequency="3018.05"
	>
	<Testing>
		<StartDateTime>Jun 22 13:17 KST</StartDateTime>
		<StartTestTime>1498105040</StartTestTime>
		<TestList/>
		<EndDateTime>Jun 22 13:17 KST</EndDateTime>
		<EndTestTime>1498105040</EndTestTime>
		<ElapsedMinutes>0</ElapsedMinutes>
	</Testing>
</Site>
